
-----
Test: tests/test_auth_user.py::TestUserAuth::test_user_auth (setup)
Time: 2025-05-02 16:03:40.861635
Request method: POST
Request url: https://playground.learnqa.ru/api/user/login
Request data: {'email': 'vinkotov@example.com', 'password': '1234'}
Request headers: {}
Request cookies: {}

Response code: 200
Response text: {"user_id":2}
Response headers: {'Date': 'Fri, 02 May 2025 13:03:41 GMT', 'Content-Type': 'application/json', 'Content-Length': '13', 'Connection': 'keep-alive', 'Keep-Alive': 'timeout=10', 'Server': 'Apache', 'Set-Cookie': 'auth_sid=f523593a759783ca1514109082162f4402e94918f1549272bcf2cafc2634fd9d', 'x-csrf-token': 'c80c46b3692a80091540f236e3503b851e6c3ec902e94918f1549272bcf2cafc2634fd9d', 'Cache-Control': 'max-age=0', 'Expires': 'Fri, 02 May 2025 13:03:40 GMT'}
Response cookies: {'auth_sid': 'f523593a759783ca1514109082162f4402e94918f1549272bcf2cafc2634fd9d'}

-----

-----
Test: tests/test_auth_user.py::TestUserAuth::test_user_auth (call)
Time: 2025-05-02 16:03:40.959562
Request method: GET
Request url: https://playground.learnqa.ru/api/user/auth
Request data: None
Request headers: {'x-csrf-token': 'c80c46b3692a80091540f236e3503b851e6c3ec902e94918f1549272bcf2cafc2634fd9d'}
Request cookies: {'auth_sid': 'f523593a759783ca1514109082162f4402e94918f1549272bcf2cafc2634fd9d'}

Response code: 200
Response text: {"user_id":2}
Response headers: {'Date': 'Fri, 02 May 2025 13:03:41 GMT', 'Content-Type': 'application/json', 'Content-Length': '13', 'Connection': 'keep-alive', 'Keep-Alive': 'timeout=10', 'Server': 'Apache', 'Cache-Control': 'max-age=0', 'Expires': 'Fri, 02 May 2025 13:03:41 GMT'}
Response cookies: {}

-----

-----
Test: tests/test_auth_user.py::TestUserAuth::test_negative_auth_check[no_cookie] (setup)
Time: 2025-05-02 16:03:41.199033
Request method: POST
Request url: https://playground.learnqa.ru/api/user/login
Request data: {'email': 'vinkotov@example.com', 'password': '1234'}
Request headers: {}
Request cookies: {}

Response code: 200
Response text: {"user_id":2}
Response headers: {'Date': 'Fri, 02 May 2025 13:03:41 GMT', 'Content-Type': 'application/json', 'Content-Length': '13', 'Connection': 'keep-alive', 'Keep-Alive': 'timeout=10', 'Server': 'Apache', 'Set-Cookie': 'auth_sid=f523593a759783ca1514109082162f4402e94918f1549272bcf2cafc2634fd9d', 'x-csrf-token': 'c80c46b3692a80091540f236e3503b851e6c3ec902e94918f1549272bcf2cafc2634fd9d', 'Cache-Control': 'max-age=0', 'Expires': 'Fri, 02 May 2025 13:03:41 GMT'}
Response cookies: {'auth_sid': 'f523593a759783ca1514109082162f4402e94918f1549272bcf2cafc2634fd9d'}

-----

-----
Test: tests/test_auth_user.py::TestUserAuth::test_negative_auth_check[no_cookie] (call)
Time: 2025-05-02 16:03:41.259504
Request method: GET
Request url: https://playground.learnqa.ru/api/user/auth
Request data: None
Request headers: {'x-csrf-token': 'c80c46b3692a80091540f236e3503b851e6c3ec902e94918f1549272bcf2cafc2634fd9d'}
Request cookies: {}

Response code: 200
Response text: {"user_id":0}
Response headers: {'Date': 'Fri, 02 May 2025 13:03:41 GMT', 'Content-Type': 'application/json', 'Content-Length': '13', 'Connection': 'keep-alive', 'Keep-Alive': 'timeout=10', 'Server': 'Apache', 'Cache-Control': 'max-age=0', 'Expires': 'Fri, 02 May 2025 13:03:41 GMT'}
Response cookies: {}

-----

-----
Test: tests/test_auth_user.py::TestUserAuth::test_negative_auth_check[no_token] (setup)
Time: 2025-05-02 16:03:41.502511
Request method: POST
Request url: https://playground.learnqa.ru/api/user/login
Request data: {'email': 'vinkotov@example.com', 'password': '1234'}
Request headers: {}
Request cookies: {}

Response code: 200
Response text: {"user_id":2}
Response headers: {'Date': 'Fri, 02 May 2025 13:03:41 GMT', 'Content-Type': 'application/json', 'Content-Length': '13', 'Connection': 'keep-alive', 'Keep-Alive': 'timeout=10', 'Server': 'Apache', 'Set-Cookie': 'auth_sid=e803d90c5fa0b414fe2172b9311673de02e94918f1549272bcf2cafc2634fd9d', 'x-csrf-token': '76d9a793c03a0c0e7f9e90dc58f2c959579018fe02e94918f1549272bcf2cafc2634fd9d', 'Cache-Control': 'max-age=0', 'Expires': 'Fri, 02 May 2025 13:03:41 GMT'}
Response cookies: {'auth_sid': 'e803d90c5fa0b414fe2172b9311673de02e94918f1549272bcf2cafc2634fd9d'}

-----

-----
Test: tests/test_auth_user.py::TestUserAuth::test_negative_auth_check[no_token] (call)
Time: 2025-05-02 16:03:41.569223
Request method: GET
Request url: https://playground.learnqa.ru/api/user/auth
Request data: None
Request headers: {}
Request cookies: {'auth_sid': 'e803d90c5fa0b414fe2172b9311673de02e94918f1549272bcf2cafc2634fd9d'}

Response code: 200
Response text: {"user_id":0}
Response headers: {'Date': 'Fri, 02 May 2025 13:03:41 GMT', 'Content-Type': 'application/json', 'Content-Length': '13', 'Connection': 'keep-alive', 'Keep-Alive': 'timeout=10', 'Server': 'Apache', 'Cache-Control': 'max-age=0', 'Expires': 'Fri, 02 May 2025 13:03:41 GMT'}
Response cookies: {}

-----
