
-----
Test: tests/test_user_registration.py::TestUserRegister::test_user_create_without_any_params[data0] (call)
Time: 2025-05-03 16:28:49.896834
Request method: POST
Request url: https://playground.learnqa.ru/api_dev/user/
Request data: {'password': '123', 'firstName': 'testname', 'lastName': 'testlastname', 'email': 'some@example.com'}
Request headers: {}
Request cookies: {}

Response code: 400
Response text: The following required params are missed: username
Response headers: {'Date': 'Sat, 03 May 2025 13:28:51 GMT', 'Content-Type': 'text/html; charset=utf-8', 'Content-Length': '50', 'Connection': 'keep-alive', 'Keep-Alive': 'timeout=10', 'Server': 'Apache'}
Response cookies: {}

-----

-----
Test: tests/test_user_registration.py::TestUserRegister::test_user_create_without_any_params[data1] (call)
Time: 2025-05-03 16:28:50.496542
Request method: POST
Request url: https://playground.learnqa.ru/api_dev/user/
Request data: {'username': 'testusername', 'lastName': 'testlastname', 'email': 'some@example.com', 'password': '123'}
Request headers: {}
Request cookies: {}

Response code: 400
Response text: The following required params are missed: firstName
Response headers: {'Date': 'Sat, 03 May 2025 13:28:52 GMT', 'Content-Type': 'text/html; charset=utf-8', 'Content-Length': '51', 'Connection': 'keep-alive', 'Keep-Alive': 'timeout=10', 'Server': 'Apache'}
Response cookies: {}

-----

-----
Test: tests/test_user_registration.py::TestUserRegister::test_user_create_without_any_params[data2] (call)
Time: 2025-05-03 16:28:51.073434
Request method: POST
Request url: https://playground.learnqa.ru/api_dev/user/
Request data: {'username': 'testusername', 'password': '123', 'email': 'some@example.com', 'firstName': 'testname'}
Request headers: {}
Request cookies: {}

Response code: 400
Response text: The following required params are missed: lastName
Response headers: {'Date': 'Sat, 03 May 2025 13:28:52 GMT', 'Content-Type': 'text/html; charset=utf-8', 'Content-Length': '50', 'Connection': 'keep-alive', 'Keep-Alive': 'timeout=10', 'Server': 'Apache'}
Response cookies: {}

-----

-----
Test: tests/test_user_registration.py::TestUserRegister::test_user_create_without_any_params[data3] (call)
Time: 2025-05-03 16:28:51.651421
Request method: POST
Request url: https://playground.learnqa.ru/api_dev/user/
Request data: {'username': 'testusername', 'password': '123', 'firstName': 'testname', 'lastName': 'testlastname'}
Request headers: {}
Request cookies: {}

Response code: 400
Response text: The following required params are missed: email
Response headers: {'Date': 'Sat, 03 May 2025 13:28:53 GMT', 'Content-Type': 'text/html; charset=utf-8', 'Content-Length': '47', 'Connection': 'keep-alive', 'Keep-Alive': 'timeout=10', 'Server': 'Apache'}
Response cookies: {}

-----

-----
Test: tests/test_user_registration.py::TestUserRegister::test_user_create_without_any_params[data4] (call)
Time: 2025-05-03 16:28:52.229226
Request method: POST
Request url: https://playground.learnqa.ru/api_dev/user/
Request data: {'username': 'testusername', 'password': '123', 'firstName': 'testname', 'lastName': 'testlastname', 'email': ''}
Request headers: {}
Request cookies: {}

Response code: 400
Response text: The value of 'email' field is too short
Response headers: {'Date': 'Sat, 03 May 2025 13:28:53 GMT', 'Content-Type': 'text/html; charset=utf-8', 'Content-Length': '39', 'Connection': 'keep-alive', 'Keep-Alive': 'timeout=10', 'Server': 'Apache'}
Response cookies: {}

-----
