
-----
Test: tests/test_auth_user.py::TestUserAuth::test_user_auth (setup)
Time: 2025-05-03 11:27:51.690601
Request method: POST
Request url: https://playground.learqa.ru/api/user/login
Request data: {'email': 'vinkotov@example.com', 'password': '1234'}
Request headers: {}
Request cookies: {}


-----
Test: tests/test_auth_user.py::TestUserAuth::test_negative_auth_check[no_cookie] (setup)
Time: 2025-05-03 11:28:02.891957
Request method: POST
Request url: https://playground.learqa.ru/api/user/login
Request data: {'email': 'vinkotov@example.com', 'password': '1234'}
Request headers: {}
Request cookies: {}


-----
Test: tests/test_auth_user.py::TestUserAuth::test_negative_auth_check[no_token] (setup)
Time: 2025-05-03 11:28:14.067963
Request method: POST
Request url: https://playground.learqa.ru/api/user/login
Request data: {'email': 'vinkotov@example.com', 'password': '1234'}
Request headers: {}
Request cookies: {}


-----
Test: tests/test_user_edit.py::TestUserEdit::test_edit_just_created_user (call)
Time: 2025-05-03 11:28:25.233396
Request method: POST
Request url: https://playground.learqa.ru/api/user/
Request data: {'password': '123', 'username': 'testusername', 'firstName': 'testname', 'lastName': 'testlastname', 'email': 'learnqa05032025112825@example.com'}
Request headers: {}
Request cookies: {}


-----
Test: tests/test_user_get.py::TestUserGet::test_get_user_details_unauthorized (call)
Time: 2025-05-03 11:28:25.295400
Request method: GET
Request url: https://playground.learqa.ru/api/user/2
Request data: None
Request headers: {}
Request cookies: {}


-----
Test: tests/test_user_get.py::TestUserGet::test_get_user_with_auth_as_same_user (call)
Time: 2025-05-03 11:28:25.355536
Request method: POST
Request url: https://playground.learqa.ru/api/user/login
Request data: {'email': 'vinkotov@example.com', 'password': '1234'}
Request headers: {}
Request cookies: {}


-----
Test: tests/test_user_registration.py::TestUserRegister::test_create_user_successful (call)
Time: 2025-05-03 11:28:25.420494
Request method: POST
Request url: https://playground.learqa.ru/api/user/
Request data: {'password': '123', 'username': 'testusername', 'firstName': 'testname', 'lastName': 'testlastname', 'email': 'learnqa05032025112825@example.com'}
Request headers: {}
Request cookies: {}


-----
Test: tests/test_user_registration.py::TestUserRegister::test_create_user_with_existing_email (call)
Time: 2025-05-03 11:28:25.482531
Request method: POST
Request url: https://playground.learqa.ru/api/user/
Request data: {'password': '123', 'username': 'testusername', 'firstName': 'testname', 'lastName': 'testlastname', 'email': 'vinkotov@example.com'}
Request headers: {}
Request cookies: {}

