
-----
Test: tests/test_user_registration.py::TestUserRegister::test_create_user_successful (call)
Time: 2025-05-03 12:10:07.429649
Request method: POST
Request url: https://playground.learnqa.ru/api_dev/user/
Request data: {'password': '123', 'username': 'testusername', 'firstName': 'testname', 'lastName': 'testlastname', 'email': 'learnqa05032025121007@example.com'}
Request headers: {}
Request cookies: {}

Response code: 200
Response text: {"id":"122189"}
Response headers: {'Date': 'Sat, 03 May 2025 09:10:08 GMT', 'Content-Type': 'application/json', 'Content-Length': '15', 'Connection': 'keep-alive', 'Keep-Alive': 'timeout=10', 'Server': 'Apache', 'Cache-Control': 'max-age=0', 'Expires': 'Sat, 03 May 2025 09:10:08 GMT'}
Response cookies: {}

-----

-----
Test: tests/test_user_registration.py::TestUserRegister::test_create_user_with_existing_email (call)
Time: 2025-05-03 12:10:08.047601
Request method: POST
Request url: https://playground.learnqa.ru/api_dev/user/
Request data: {'password': '123', 'username': 'testusername', 'firstName': 'testname', 'lastName': 'testlastname', 'email': 'vinkotov@example.com'}
Request headers: {}
Request cookies: {}

Response code: 400
Response text: Users with email 'vinkotov@example.com' already exists
Response headers: {'Date': 'Sat, 03 May 2025 09:10:09 GMT', 'Content-Type': 'text/html; charset=utf-8', 'Content-Length': '54', 'Connection': 'keep-alive', 'Keep-Alive': 'timeout=10', 'Server': 'Apache'}
Response cookies: {}

-----

-----
Test: tests/test_user_registration.py::TestUserRegister::test_incorrect_email_format (call)
Time: 2025-05-03 12:10:08.651873
Request method: POST
Request url: https://playground.learnqa.ru/api_dev/user/
Request data: {'password': '123', 'username': 'testusername', 'firstName': 'testname', 'lastName': 'testlastname', 'email': 'vinkotovexample.com'}
Request headers: {}
Request cookies: {}

Response code: 400
Response text: Invalid email format
Response headers: {'Date': 'Sat, 03 May 2025 09:10:09 GMT', 'Content-Type': 'text/html; charset=utf-8', 'Content-Length': '20', 'Connection': 'keep-alive', 'Keep-Alive': 'timeout=10', 'Server': 'Apache'}
Response cookies: {}

-----

-----
Test: tests/test_user_registration.py::TestUserRegister::test_user_short_name (call)
Time: 2025-05-03 12:10:09.241322
Request method: POST
Request url: https://playground.learnqa.ru/api_dev/user/
Request data: {'password': '123', 'username': 's', 'firstName': 'testname', 'lastName': 'testlastname', 'email': 'learnqa05032025121009@example.com'}
Request headers: {}
Request cookies: {}

Response code: 400
Response text: The value of 'username' field is too short
Response headers: {'Date': 'Sat, 03 May 2025 09:10:10 GMT', 'Content-Type': 'text/html; charset=utf-8', 'Content-Length': '42', 'Connection': 'keep-alive', 'Keep-Alive': 'timeout=10', 'Server': 'Apache'}
Response cookies: {}

-----
