
-----
Test: tests/test_auth_user.py::TestUserAuth::test_user_auth (setup)
Time: 2025-05-03 11:29:19.979961
Request method: POST
Request url: https://playground.learnqa.ru/api/user/login
Request data: {'email': 'vinkotov@example.com', 'password': '1234'}
Request headers: {}
Request cookies: {}

Response code: 200
Response text: {"user_id":2}
Response headers: {'Date': 'Sat, 03 May 2025 08:29:20 GMT', 'Content-Type': 'application/json', 'Content-Length': '13', 'Connection': 'keep-alive', 'Keep-Alive': 'timeout=10', 'Server': 'Apache', 'Set-Cookie': 'auth_sid=e72cd5090e3056c28976cba11c1ba72502e94918f1549272bcf2cafc2634fd9d', 'x-csrf-token': '3f9d5ac43d1994abaa5adebf339f67244f51e0cc02e94918f1549272bcf2cafc2634fd9d', 'Cache-Control': 'max-age=0', 'Expires': 'Sat, 03 May 2025 08:29:20 GMT'}
Response cookies: {'auth_sid': 'e72cd5090e3056c28976cba11c1ba72502e94918f1549272bcf2cafc2634fd9d'}

-----

-----
Test: tests/test_auth_user.py::TestUserAuth::test_user_auth (call)
Time: 2025-05-03 11:29:20.214459
Request method: GET
Request url: https://playground.learnqa.ru/api/user/auth
Request data: None
Request headers: {'x-csrf-token': '3f9d5ac43d1994abaa5adebf339f67244f51e0cc02e94918f1549272bcf2cafc2634fd9d'}
Request cookies: {'auth_sid': 'e72cd5090e3056c28976cba11c1ba72502e94918f1549272bcf2cafc2634fd9d'}

Response code: 200
Response text: {"user_id":2}
Response headers: {'Date': 'Sat, 03 May 2025 08:29:21 GMT', 'Content-Type': 'application/json', 'Content-Length': '13', 'Connection': 'keep-alive', 'Keep-Alive': 'timeout=10', 'Server': 'Apache', 'Cache-Control': 'max-age=0', 'Expires': 'Sat, 03 May 2025 08:29:20 GMT'}
Response cookies: {}

-----

-----
Test: tests/test_auth_user.py::TestUserAuth::test_negative_auth_check[no_cookie] (setup)
Time: 2025-05-03 11:29:20.672676
Request method: POST
Request url: https://playground.learnqa.ru/api/user/login
Request data: {'email': 'vinkotov@example.com', 'password': '1234'}
Request headers: {}
Request cookies: {}

Response code: 200
Response text: {"user_id":2}
Response headers: {'Date': 'Sat, 03 May 2025 08:29:21 GMT', 'Content-Type': 'application/json', 'Content-Length': '13', 'Connection': 'keep-alive', 'Keep-Alive': 'timeout=10', 'Server': 'Apache', 'Set-Cookie': 'auth_sid=af4fbbdac4334f447f5e661d21cf5ac202e94918f1549272bcf2cafc2634fd9d', 'x-csrf-token': '393e526ba375843c38a8e1d7ffdc67ab61a3ce5502e94918f1549272bcf2cafc2634fd9d', 'Cache-Control': 'max-age=0', 'Expires': 'Sat, 03 May 2025 08:29:21 GMT'}
Response cookies: {'auth_sid': 'af4fbbdac4334f447f5e661d21cf5ac202e94918f1549272bcf2cafc2634fd9d'}

-----

-----
Test: tests/test_auth_user.py::TestUserAuth::test_negative_auth_check[no_cookie] (call)
Time: 2025-05-03 11:29:20.760036
Request method: GET
Request url: https://playground.learnqa.ru/api/user/auth
Request data: None
Request headers: {'x-csrf-token': '393e526ba375843c38a8e1d7ffdc67ab61a3ce5502e94918f1549272bcf2cafc2634fd9d'}
Request cookies: {}

Response code: 200
Response text: {"user_id":0}
Response headers: {'Date': 'Sat, 03 May 2025 08:29:21 GMT', 'Content-Type': 'application/json', 'Content-Length': '13', 'Connection': 'keep-alive', 'Keep-Alive': 'timeout=10', 'Server': 'Apache', 'Cache-Control': 'max-age=0', 'Expires': 'Sat, 03 May 2025 08:29:21 GMT'}
Response cookies: {}

-----

-----
Test: tests/test_auth_user.py::TestUserAuth::test_negative_auth_check[no_token] (setup)
Time: 2025-05-03 11:29:20.986443
Request method: POST
Request url: https://playground.learnqa.ru/api/user/login
Request data: {'email': 'vinkotov@example.com', 'password': '1234'}
Request headers: {}
Request cookies: {}

Response code: 200
Response text: {"user_id":2}
Response headers: {'Date': 'Sat, 03 May 2025 08:29:21 GMT', 'Content-Type': 'application/json', 'Content-Length': '13', 'Connection': 'keep-alive', 'Keep-Alive': 'timeout=10', 'Server': 'Apache', 'Set-Cookie': 'auth_sid=4d3eec6b81c30c831e82f31b9914993702e94918f1549272bcf2cafc2634fd9d', 'x-csrf-token': '721994cfb76acfece382d3c4e9d38c87761eec3f02e94918f1549272bcf2cafc2634fd9d', 'Cache-Control': 'max-age=0', 'Expires': 'Sat, 03 May 2025 08:29:21 GMT'}
Response cookies: {'auth_sid': '4d3eec6b81c30c831e82f31b9914993702e94918f1549272bcf2cafc2634fd9d'}

-----

-----
Test: tests/test_auth_user.py::TestUserAuth::test_negative_auth_check[no_token] (call)
Time: 2025-05-03 11:29:21.065046
Request method: GET
Request url: https://playground.learnqa.ru/api/user/auth
Request data: None
Request headers: {}
Request cookies: {'auth_sid': '4d3eec6b81c30c831e82f31b9914993702e94918f1549272bcf2cafc2634fd9d'}

Response code: 200
Response text: {"user_id":0}
Response headers: {'Date': 'Sat, 03 May 2025 08:29:21 GMT', 'Content-Type': 'application/json', 'Content-Length': '13', 'Connection': 'keep-alive', 'Keep-Alive': 'timeout=10', 'Server': 'Apache', 'Cache-Control': 'max-age=0', 'Expires': 'Sat, 03 May 2025 08:29:21 GMT'}
Response cookies: {}

-----

-----
Test: tests/test_user_edit.py::TestUserEdit::test_edit_just_created_user (call)
Time: 2025-05-03 11:29:21.283409
Request method: POST
Request url: https://playground.learnqa.ru/api/user/
Request data: {'password': '123', 'username': 'testusername', 'firstName': 'testname', 'lastName': 'testlastname', 'email': 'learnqa05032025112921@example.com'}
Request headers: {}
Request cookies: {}

Response code: 200
Response text: {"id":"122186"}
Response headers: {'Date': 'Sat, 03 May 2025 08:29:22 GMT', 'Content-Type': 'application/json', 'Content-Length': '15', 'Connection': 'keep-alive', 'Keep-Alive': 'timeout=10', 'Server': 'Apache', 'Cache-Control': 'max-age=0', 'Expires': 'Sat, 03 May 2025 08:29:21 GMT'}
Response cookies: {}

-----

-----
Test: tests/test_user_edit.py::TestUserEdit::test_edit_just_created_user (call)
Time: 2025-05-03 11:29:21.880598
Request method: POST
Request url: https://playground.learnqa.ru/api/user/login
Request data: {'email': 'learnqa05032025112921@example.com', 'password': '123'}
Request headers: {}
Request cookies: {}

Response code: 200
Response text: {"user_id":122186}
Response headers: {'Date': 'Sat, 03 May 2025 08:29:22 GMT', 'Content-Type': 'application/json', 'Content-Length': '18', 'Connection': 'keep-alive', 'Keep-Alive': 'timeout=10', 'Server': 'Apache', 'Set-Cookie': 'auth_sid=6f24eae54cfac75fbe3c14dab5cd40ca9f40bb148936456a9b164d4bdda237ac', 'x-csrf-token': 'c132d9d3796e30f612871d223605d75007a24f549f40bb148936456a9b164d4bdda237ac', 'Cache-Control': 'max-age=0', 'Expires': 'Sat, 03 May 2025 08:29:22 GMT'}
Response cookies: {'auth_sid': '6f24eae54cfac75fbe3c14dab5cd40ca9f40bb148936456a9b164d4bdda237ac'}

-----

-----
Test: tests/test_user_edit.py::TestUserEdit::test_edit_just_created_user (call)
Time: 2025-05-03 11:29:21.973921
Request method: PUT
Request url: https://playground.learnqa.ru/api/user/122186
Request data: {'firstName': 'ChangedName'}
Request headers: {'x-csrf-token': 'c132d9d3796e30f612871d223605d75007a24f549f40bb148936456a9b164d4bdda237ac'}
Request cookies: {'auth_sid': '6f24eae54cfac75fbe3c14dab5cd40ca9f40bb148936456a9b164d4bdda237ac'}

Response code: 200
Response text: {"success":"!"}
Response headers: {'Date': 'Sat, 03 May 2025 08:29:23 GMT', 'Content-Type': 'application/json', 'Content-Length': '15', 'Connection': 'keep-alive', 'Keep-Alive': 'timeout=10', 'Server': 'Apache', 'Cache-Control': 'max-age=0', 'Expires': 'Sat, 03 May 2025 08:29:22 GMT'}
Response cookies: {}

-----

-----
Test: tests/test_user_edit.py::TestUserEdit::test_edit_just_created_user (call)
Time: 2025-05-03 11:29:22.713668
Request method: GET
Request url: https://playground.learnqa.ru/api/user/122186
Request data: None
Request headers: {'x-csrf-token': 'c132d9d3796e30f612871d223605d75007a24f549f40bb148936456a9b164d4bdda237ac'}
Request cookies: {'auth_sid': '6f24eae54cfac75fbe3c14dab5cd40ca9f40bb148936456a9b164d4bdda237ac'}

Response code: 200
Response text: {"id":"122186","username":"testusername","email":"learnqa05032025112921@example.com","firstName":"ChangedName","lastName":"testlastname"}
Response headers: {'Date': 'Sat, 03 May 2025 08:29:23 GMT', 'Content-Type': 'application/json', 'Transfer-Encoding': 'chunked', 'Connection': 'keep-alive', 'Keep-Alive': 'timeout=10', 'Vary': 'Accept-Encoding', 'Server': 'Apache', 'Cache-Control': 'max-age=0', 'Expires': 'Sat, 03 May 2025 08:29:23 GMT', 'Content-Encoding': 'gzip'}
Response cookies: {}

-----

-----
Test: tests/test_user_get.py::TestUserGet::test_get_user_details_unauthorized (call)
Time: 2025-05-03 11:29:23.285820
Request method: GET
Request url: https://playground.learnqa.ru/api/user/2
Request data: None
Request headers: {}
Request cookies: {}

Response code: 200
Response text: {"username":"Vitaliy"}
Response headers: {'Date': 'Sat, 03 May 2025 08:29:24 GMT', 'Content-Type': 'application/json', 'Transfer-Encoding': 'chunked', 'Connection': 'keep-alive', 'Keep-Alive': 'timeout=10', 'Vary': 'Accept-Encoding', 'Server': 'Apache', 'Cache-Control': 'max-age=0', 'Expires': 'Sat, 03 May 2025 08:29:23 GMT', 'Content-Encoding': 'gzip'}
Response cookies: {}

-----

-----
Test: tests/test_user_get.py::TestUserGet::test_get_user_with_auth_as_same_user (call)
Time: 2025-05-03 11:29:24.009837
Request method: POST
Request url: https://playground.learnqa.ru/api/user/login
Request data: {'email': 'vinkotov@example.com', 'password': '1234'}
Request headers: {}
Request cookies: {}

Response code: 200
Response text: {"user_id":2}
Response headers: {'Date': 'Sat, 03 May 2025 08:29:24 GMT', 'Content-Type': 'application/json', 'Content-Length': '13', 'Connection': 'keep-alive', 'Keep-Alive': 'timeout=10', 'Server': 'Apache', 'Set-Cookie': 'auth_sid=e86f508a985fea70891d8dffcc1f22ca02e94918f1549272bcf2cafc2634fd9d', 'x-csrf-token': 'e9136628c237326eaf0638b4a176870322de95f502e94918f1549272bcf2cafc2634fd9d', 'Cache-Control': 'max-age=0', 'Expires': 'Sat, 03 May 2025 08:29:24 GMT'}
Response cookies: {'auth_sid': 'e86f508a985fea70891d8dffcc1f22ca02e94918f1549272bcf2cafc2634fd9d'}

-----

-----
Test: tests/test_user_get.py::TestUserGet::test_get_user_with_auth_as_same_user (call)
Time: 2025-05-03 11:29:24.082281
Request method: GET
Request url: https://playground.learnqa.ru/api/user/2
Request data: None
Request headers: {'x-csrf-token': 'e9136628c237326eaf0638b4a176870322de95f502e94918f1549272bcf2cafc2634fd9d'}
Request cookies: {'auth_sid': 'e86f508a985fea70891d8dffcc1f22ca02e94918f1549272bcf2cafc2634fd9d'}

Response code: 200
Response text: {"id":"2","username":"Vitaliy","email":"vinkotov@example.com","firstName":"Vitalii","lastName":"Kotov"}
Response headers: {'Date': 'Sat, 03 May 2025 08:29:25 GMT', 'Content-Type': 'application/json', 'Transfer-Encoding': 'chunked', 'Connection': 'keep-alive', 'Keep-Alive': 'timeout=10', 'Vary': 'Accept-Encoding', 'Server': 'Apache', 'Cache-Control': 'max-age=0', 'Expires': 'Sat, 03 May 2025 08:29:24 GMT', 'Content-Encoding': 'gzip'}
Response cookies: {}

-----

-----
Test: tests/test_user_registration.py::TestUserRegister::test_create_user_successful (call)
Time: 2025-05-03 11:29:24.801297
Request method: POST
Request url: https://playground.learnqa.ru/api/user/
Request data: {'password': '123', 'username': 'testusername', 'firstName': 'testname', 'lastName': 'testlastname', 'email': 'learnqa05032025112924@example.com'}
Request headers: {}
Request cookies: {}

Response code: 200
Response text: {"id":"122187"}
Response headers: {'Date': 'Sat, 03 May 2025 08:29:25 GMT', 'Content-Type': 'application/json', 'Content-Length': '15', 'Connection': 'keep-alive', 'Keep-Alive': 'timeout=10', 'Server': 'Apache', 'Cache-Control': 'max-age=0', 'Expires': 'Sat, 03 May 2025 08:29:25 GMT'}
Response cookies: {}

-----

-----
Test: tests/test_user_registration.py::TestUserRegister::test_create_user_with_existing_email (call)
Time: 2025-05-03 11:29:25.386293
Request method: POST
Request url: https://playground.learnqa.ru/api/user/
Request data: {'password': '123', 'username': 'testusername', 'firstName': 'testname', 'lastName': 'testlastname', 'email': 'vinkotov@example.com'}
Request headers: {}
Request cookies: {}

Response code: 400
Response text: Users with email 'vinkotov@example.com' already exists
Response headers: {'Date': 'Sat, 03 May 2025 08:29:26 GMT', 'Content-Type': 'text/html; charset=utf-8', 'Content-Length': '54', 'Connection': 'keep-alive', 'Keep-Alive': 'timeout=10', 'Server': 'Apache'}
Response cookies: {}

-----
