
-----
Test: tests/test_user_registration.py::TestUserRegister::test_user_create_without_any_params[data0] (call)
Time: 2025-05-03 16:47:32.517843
Request method: POST
Request url: https://playground.learnqa.ru/api_dev/user/
Request data: {'username': 'testusername', 'firstName': 'testname', 'lastName': 'testlastname', 'email': 'some@example.com'}
Request headers: {}
Request cookies: {}

Response code: 400
Response text: The following required params are missed: password
Response headers: {'Date': 'Sat, 03 May 2025 13:47:34 GMT', 'Content-Type': 'text/html; charset=utf-8', 'Content-Length': '50', 'Connection': 'keep-alive', 'Keep-Alive': 'timeout=10', 'Server': 'Apache'}
Response cookies: {}

-----

-----
Test: tests/test_user_registration.py::TestUserRegister::test_user_create_without_any_params[data1] (call)
Time: 2025-05-03 16:47:33.186866
Request method: POST
Request url: https://playground.learnqa.ru/api_dev/user/
Request data: {'password': '123', 'firstName': 'testname', 'lastName': 'testlastname', 'email': 'some@example.com'}
Request headers: {}
Request cookies: {}

Response code: 400
Response text: The following required params are missed: username
Response headers: {'Date': 'Sat, 03 May 2025 13:47:34 GMT', 'Content-Type': 'text/html; charset=utf-8', 'Content-Length': '50', 'Connection': 'keep-alive', 'Keep-Alive': 'timeout=10', 'Server': 'Apache'}
Response cookies: {}

-----

-----
Test: tests/test_user_registration.py::TestUserRegister::test_user_create_without_any_params[data2] (call)
Time: 2025-05-03 16:47:33.750901
Request method: POST
Request url: https://playground.learnqa.ru/api_dev/user/
Request data: {'password': '123', 'username': 'testusername', 'lastName': 'testlastname', 'email': 'some@example.com'}
Request headers: {}
Request cookies: {}

Response code: 400
Response text: The following required params are missed: firstName
Response headers: {'Date': 'Sat, 03 May 2025 13:47:35 GMT', 'Content-Type': 'text/html; charset=utf-8', 'Content-Length': '51', 'Connection': 'keep-alive', 'Keep-Alive': 'timeout=10', 'Server': 'Apache'}
Response cookies: {}

-----

-----
Test: tests/test_user_registration.py::TestUserRegister::test_user_create_without_any_params[data3] (call)
Time: 2025-05-03 16:47:34.309299
Request method: POST
Request url: https://playground.learnqa.ru/api_dev/user/
Request data: {'password': '123', 'username': 'testusername', 'firstName': 'testname', 'email': 'some@example.com'}
Request headers: {}
Request cookies: {}

Response code: 400
Response text: The following required params are missed: lastName
Response headers: {'Date': 'Sat, 03 May 2025 13:47:35 GMT', 'Content-Type': 'text/html; charset=utf-8', 'Content-Length': '50', 'Connection': 'keep-alive', 'Keep-Alive': 'timeout=10', 'Server': 'Apache'}
Response cookies: {}

-----

-----
Test: tests/test_user_registration.py::TestUserRegister::test_user_create_without_any_params[data4] (call)
Time: 2025-05-03 16:47:34.867148
Request method: POST
Request url: https://playground.learnqa.ru/api_dev/user/
Request data: {'password': '123', 'username': 'testusername', 'firstName': 'testname', 'lastName': 'testlastname'}
Request headers: {}
Request cookies: {}

Response code: 400
Response text: The following required params are missed: email
Response headers: {'Date': 'Sat, 03 May 2025 13:47:36 GMT', 'Content-Type': 'text/html; charset=utf-8', 'Content-Length': '47', 'Connection': 'keep-alive', 'Keep-Alive': 'timeout=10', 'Server': 'Apache'}
Response cookies: {}

-----
