
-----
Test: tests/test_user_registration.py::TestUserRegister::test_user_create_without_any_params[data0] (call)
Time: 2025-05-03 16:26:09.896079
Request method: POST
Request url: https://playground.learnqa.ru/api_dev/user/
Request data: {'firstName': 'testname', 'lastName': 'testlastname', 'email': 'some@example.com'}
Request headers: {}
Request cookies: {}

Response code: 400
Response text: The following required params are missed: password, username
Response headers: {'Date': 'Sat, 03 May 2025 13:26:11 GMT', 'Content-Type': 'text/html; charset=utf-8', 'Content-Length': '60', 'Connection': 'keep-alive', 'Keep-Alive': 'timeout=10', 'Server': 'Apache'}
Response cookies: {}

-----

-----
Test: tests/test_user_registration.py::TestUserRegister::test_user_create_without_any_params[data1] (call)
Time: 2025-05-03 16:26:10.484866
Request method: POST
Request url: https://playground.learnqa.ru/api_dev/user/
Request data: {'password': '123', 'lastName': 'testlastname', 'email': 'some@example.com'}
Request headers: {}
Request cookies: {}

Response code: 400
Response text: The following required params are missed: username, firstName
Response headers: {'Date': 'Sat, 03 May 2025 13:26:12 GMT', 'Content-Type': 'text/html; charset=utf-8', 'Content-Length': '61', 'Connection': 'keep-alive', 'Keep-Alive': 'timeout=10', 'Server': 'Apache'}
Response cookies: {}

-----

-----
Test: tests/test_user_registration.py::TestUserRegister::test_user_create_without_any_params[data2] (call)
Time: 2025-05-03 16:26:11.062111
Request method: POST
Request url: https://playground.learnqa.ru/api_dev/user/
Request data: {'password': '123', 'firstName': 'testname', 'email': 'some@example.com'}
Request headers: {}
Request cookies: {}

Response code: 400
Response text: The following required params are missed: username, lastName
Response headers: {'Date': 'Sat, 03 May 2025 13:26:12 GMT', 'Content-Type': 'text/html; charset=utf-8', 'Content-Length': '60', 'Connection': 'keep-alive', 'Keep-Alive': 'timeout=10', 'Server': 'Apache'}
Response cookies: {}

-----

-----
Test: tests/test_user_registration.py::TestUserRegister::test_user_create_without_any_params[data3] (call)
Time: 2025-05-03 16:26:11.642685
Request method: POST
Request url: https://playground.learnqa.ru/api_dev/user/
Request data: {'password': '123', 'firstName': 'testname', 'lastName': 'testlastname'}
Request headers: {}
Request cookies: {}

Response code: 400
Response text: The following required params are missed: email, username
Response headers: {'Date': 'Sat, 03 May 2025 13:26:13 GMT', 'Content-Type': 'text/html; charset=utf-8', 'Content-Length': '57', 'Connection': 'keep-alive', 'Keep-Alive': 'timeout=10', 'Server': 'Apache'}
Response cookies: {}

-----
